Build started 11/15/2015 3:59:27 PM.
     1>Project "D:\data\course\Fall2015\C++Projects\Extra2\ExtraTwo\ExtraTwo\ExtraTwo.vcxproj" on node 2 (build target(s)).
     1>InitializeBuildStatus:
         Creating "Debug\ExtraTwo.unsuccessfulbuild" because "AlwaysCreate" was specified.
       ClCompile:
         C:\Program Files (x86)\Microsoft Visual Studio 10.0\VC\bin\CL.exe /c /ZI /nologo /W3 /WX- /Od /Oy- /D _MBCS /Gm /EHsc /RTC1 /MDd /GS /fp:precise /Zc:wchar_t /Zc:forScope /Fo"Debug\\" /Fd"Debug\vc100.pdb" /Gd /TP /analyze- /errorReport:prompt Cd.cpp Classic.cpp Test.cpp
         Test.cpp
         Classic.cpp
         Cd.cpp
         Generating Code...
       Link:
         C:\Program Files (x86)\Microsoft Visual Studio 10.0\VC\bin\link.exe /ERRORREPORT:PROMPT /OUT:"D:\data\course\Fall2015\C++Projects\Extra2\ExtraTwo\Debug\ExtraTwo.exe" /NOLOGO kernel32.lib user32.lib gdi32.lib winspool.lib comdlg32.lib advapi32.lib shell32.lib ole32.lib oleaut32.lib uuid.lib odbc32.lib odbccp32.lib /MANIFEST /ManifestFile:"Debug\ExtraTwo.exe.intermediate.manifest" /MANIFESTUAC:"level='asInvoker' uiAccess='false'" /DEBUG /PDB:"D:\data\course\Fall2015\C++Projects\Extra2\ExtraTwo\Debug\ExtraTwo.pdb" /TLBID:1 /DYNAMICBASE /NXCOMPAT /IMPLIB:"D:\data\course\Fall2015\C++Projects\Extra2\ExtraTwo\Debug\ExtraTwo.lib" /MACHINE:X86 Debug\Cd.obj
         Debug\Classic.obj
         Debug\Test.obj
         LINK : D:\data\course\Fall2015\C++Projects\Extra2\ExtraTwo\Debug\ExtraTwo.exe not found or not built by the last incremental link; performing full link
         ExtraTwo.vcxproj -> D:\data\course\Fall2015\C++Projects\Extra2\ExtraTwo\Debug\ExtraTwo.exe
       Manifest:
         C:\Program Files (x86)\Microsoft SDKs\Windows\v7.0A\bin\mt.exe /nologo /verbose /outputresource:"D:\data\course\Fall2015\C++Projects\Extra2\ExtraTwo\Debug\ExtraTwo.exe;#1" /manifest Debug\ExtraTwo.exe.intermediate.manifest
       FinalizeBuildStatus:
         Deleting file "Debug\ExtraTwo.unsuccessfulbuild".
         Touching "Debug\ExtraTwo.lastbuildstate".
     1>Done Building Project "D:\data\course\Fall2015\C++Projects\Extra2\ExtraTwo\ExtraTwo\ExtraTwo.vcxproj" (build target(s)).

Build succeeded.

Time Elapsed 00:00:05.36
